<?xml version="1.0" encoding="UTF-8"?>
<testng-results ignored="0" total="3" passed="3" failed="0" skipped="0">
  <reporter-output>
  </reporter-output>
  <suite started-at="2025-04-13T10:34:26 IST" name="Default suite" finished-at="2025-04-13T10:34:35 IST" duration-ms="8241">
    <groups>
    </groups>
    <test started-at="2025-04-13T10:34:26 IST" name="Default test" finished-at="2025-04-13T10:34:35 IST" duration-ms="8241">
      <class name="ParallelTestExecution.ParallelEx4">
        <test-method signature="openGoogle()[pri:0, instance:ParallelTestExecution.ParallelEx4@5bda8e08]" started-at="2025-04-13T10:34:26 IST" name="openGoogle" finished-at="2025-04-13T10:34:29 IST" duration-ms="2952" status="PASS">
          <reporter-output>
          </reporter-output>
        </test-method> <!-- openGoogle -->
        <test-method signature="openHRM()[pri:0, instance:ParallelTestExecution.ParallelEx4@5bda8e08]" started-at="2025-04-13T10:34:29 IST" name="openHRM" finished-at="2025-04-13T10:34:33 IST" duration-ms="3762" status="PASS">
          <reporter-output>
          </reporter-output>
        </test-method> <!-- openHRM -->
        <test-method signature="openUniversity()[pri:0, instance:ParallelTestExecution.ParallelEx4@5bda8e08]" started-at="2025-04-13T10:34:33 IST" name="openUniversity" finished-at="2025-04-13T10:34:35 IST" duration-ms="1477" status="PASS">
          <reporter-output>
          </reporter-output>
        </test-method> <!-- openUniversity -->
      </class> <!-- ParallelTestExecution.ParallelEx4 -->
    </test> <!-- Default test -->
  </suite> <!-- Default suite -->
</testng-results>
